https://gitlab.com/motherson-mtsl/apps/mobilitycoe/SMG_S07D_POC/sensorSample-and.git
https://gitlab.com/motherson-mtsl/apps/mobilitycoe/SMG_S07D_POC/GPS_NEAR_BY_LOC-and.git
https://gitlab.com/motherson-mtsl/apps/mobilitycoe/SMG_S07D_POC/rfidDevelopment.git
https://gitlab.com/motherson-mtsl/apps/mobilitycoe/SMG_S07D_POC/OCR_AADHAR_PARSER-and.git
https://gitlab.com/motherson-mtsl/apps/mobilitycoe/SMG_S07D_POC/batch_tracking.git
https://gitlab.com/motherson-mtsl/apps/mobilitycoe/SMG_S07D_POC/batch-tracking-web.git
https://gitlab.com/motherson-mtsl/apps/mobilitycoe/SMG_S07D_POC/podcasts-android.git
https://gitlab.com/motherson-mtsl/apps/mobilitycoe/SMG_S07D_POC/SMG_S07D_POC.git
https://gitlab.com/motherson-mtsl/apps/mobilitycoe/SMG_S07D_POC/faceRecognition-android.git
https://gitlab.com/motherson-mtsl/apps/mobilitycoe/SMG_S07D_POC/quickForm.git
https://gitlab.com/motherson-mtsl/apps/mobilitycoe/SMG_S07D_POC/bpr-image.git
https://gitlab.com/motherson-mtsl/apps/mobilitycoe/SMG_S07D_POC/ar-android.git
https://gitlab.com/motherson-mtsl/apps/mobilitycoe/SMG_S07D_POC/poc-ar-vr.git
https://gitlab.com/motherson-mtsl/apps/mobilitycoe/SMG_S07D_POC/smgauth_framework_and.git
https://gitlab.com/motherson-mtsl/apps/mobilitycoe/SMG_S07D_POC/Rocket-Chat.git
https://gitlab.com/motherson-mtsl/apps/mobilitycoe/SMG_S07D_POC/podcasts.git
https://gitlab.com/motherson-mtsl/apps/mobilitycoe/SMG_S07D_POC/Fontello-Master.git
https://gitlab.com/motherson-mtsl/apps/mobilitycoe/SMG_S07D_POC/faceRecognition-web.git
https://gitlab.com/motherson-mtsl/apps/mobilitycoe/SMG_S07D_POC/collagelib-and.git

https://gitlab.com/motherson-mtsl/apps/mobilitycoe/SMG_S07D_POC/android_poc.git
https://gitlab.com/motherson-mtsl/apps/mobilitycoe/SMG_S07D_POC/faceRecognition-ios.git
https://gitlab.com/motherson-mtsl/apps/mobilitycoe/SMG_S07D_POC/face_astrologer.git
https://gitlab.com/motherson-mtsl/apps/mobilitycoe/SMG_S07D_POC/laptop-tracking-android.git
https://gitlab.com/motherson-mtsl/apps/mobilitycoe/SMG_S07D_POC/crompton_iot_ios.git
https://gitlab.com/motherson-mtsl/apps/mobilitycoe/SMG_S07D_POC/smgauth_framework_ios.git
https://gitlab.com/motherson-mtsl/apps/mobilitycoe/SMG_S07D_POC/m1PostSample-and.git